<?xml version="1.0" encoding="UTF-8"?>
<!-- Generated by org.testng.reporters.JUnitReportReporter -->
<testsuite skipped="0" hostname="DESKTOP-2H134C0" name="com.qa.verizon.shop.ShopTest" tests="1" failures="0" timestamp="16 Feb 2022 21:23:56 GMT" time="64.080" errors="0">
  <testcase name="shopTest" time="64.080" classname="com.qa.verizon.shop.ShopTest"/>
</testsuite> <!-- com.qa.verizon.shop.ShopTest -->
