<?xml version="1.0" encoding="UTF-8"?>
<!-- Generated by org.testng.reporters.JUnitReportReporter -->
<testsuite skipped="1" hostname="DESKTOP-2H134C0" name="com.qa.verizon.signin.SignInTestClass" tests="3" failures="0" timestamp="14 Feb 2022 22:30:23 GMT" time="46.756" errors="0">
  <testcase name="signInTestWithExcel" time="9.197" classname="com.qa.verizon.signin.SignInTestClass">
    <skipped/>
  </testcase> <!-- signInTestWithExcel -->
  <testcase name="signInTestWithDataProvider" time="23.141" classname="com.qa.verizon.signin.SignInTestClass"/>
  <testcase name="signInTestWithDataProvider" time="14.418" classname="com.qa.verizon.signin.SignInTestClass"/>
</testsuite> <!-- com.qa.verizon.signin.SignInTestClass -->
