<?xml version="1.0" encoding="UTF-8"?>
<!-- Generated by org.testng.reporters.JUnitReportReporter -->
<testsuite skipped="0" hostname="DESKTOP-2H134C0" name="com.qa.verizon.shop.ShopTest" tests="1" failures="0" timestamp="14 Feb 2022 22:30:23 GMT" time="28.586" errors="0">
  <testcase name="shopTest" time="28.586" classname="com.qa.verizon.shop.ShopTest"/>
</testsuite> <!-- com.qa.verizon.shop.ShopTest -->
