<?xml version="1.0" encoding="UTF-8"?>
<!-- Generated by org.testng.reporters.JUnitReportReporter -->
<testsuite skipped="0" hostname="DESKTOP-2H134C0" name="com.qa.verizon.signin.SignInTestClass" tests="1" failures="0" timestamp="03 Feb 2022 04:12:54 GMT" time="27.857" errors="0">
  <testcase name="pageTest" time="27.857" classname="com.qa.verizon.signin.SignInTestClass"/>
</testsuite> <!-- com.qa.verizon.signin.SignInTestClass -->
